[debug] [2023-09-08T01:06:06.104Z] ----------------------------------------------------------------------
[debug] [2023-09-08T01:06:06.107Z] Command:       /usr/local/bin/node /usr/local/bin/firebase deploy
[debug] [2023-09-08T01:06:06.108Z] CLI Version:   12.5.2
[debug] [2023-09-08T01:06:06.108Z] Platform:      darwin
[debug] [2023-09-08T01:06:06.108Z] Node Version:  v17.6.0
[debug] [2023-09-08T01:06:06.111Z] Time:          Thu Sep 07 2023 20:06:06 GMT-0500 (Central Daylight Time)
[debug] [2023-09-08T01:06:06.112Z] ----------------------------------------------------------------------
[debug] 
[debug] [2023-09-08T01:06:06.177Z] > command requires scopes: ["email","openid","https://www.googleapis.com/auth/cloudplatformprojects.readonly","https://www.googleapis.com/auth/firebase","https://www.googleapis.com/auth/cloud-platform"]
[debug] [2023-09-08T01:06:06.178Z] > authorizing via signed-in user (devaccemar@gmail.com)
[debug] [2023-09-08T01:06:06.178Z] [iam] checking project eportfolio-7d613 for permissions ["cloudfunctions.functions.create","cloudfunctions.functions.delete","cloudfunctions.functions.get","cloudfunctions.functions.list","cloudfunctions.functions.update","cloudfunctions.operations.get","firebase.projects.get","firebasedatabase.instances.update","firebaserules.releases.create","firebaserules.releases.update","firebaserules.rulesets.create"]
[debug] [2023-09-08T01:06:06.179Z] >>> [apiv2][query] POST https://cloudresourcemanager.googleapis.com/v1/projects/eportfolio-7d613:testIamPermissions [none]
[debug] [2023-09-08T01:06:06.180Z] >>> [apiv2][(partial)header] POST https://cloudresourcemanager.googleapis.com/v1/projects/eportfolio-7d613:testIamPermissions x-goog-quota-user=projects/eportfolio-7d613
[debug] [2023-09-08T01:06:06.180Z] >>> [apiv2][body] POST https://cloudresourcemanager.googleapis.com/v1/projects/eportfolio-7d613:testIamPermissions {"permissions":["cloudfunctions.functions.create","cloudfunctions.functions.delete","cloudfunctions.functions.get","cloudfunctions.functions.list","cloudfunctions.functions.update","cloudfunctions.operations.get","firebase.projects.get","firebasedatabase.instances.update","firebaserules.releases.create","firebaserules.releases.update","firebaserules.rulesets.create"]}
[debug] [2023-09-08T01:06:06.767Z] <<< [apiv2][status] POST https://cloudresourcemanager.googleapis.com/v1/projects/eportfolio-7d613:testIamPermissions 200
[debug] [2023-09-08T01:06:06.767Z] <<< [apiv2][body] POST https://cloudresourcemanager.googleapis.com/v1/projects/eportfolio-7d613:testIamPermissions {"permissions":["cloudfunctions.functions.create","cloudfunctions.functions.delete","cloudfunctions.functions.get","cloudfunctions.functions.list","cloudfunctions.functions.update","cloudfunctions.operations.get","firebase.projects.get","firebasedatabase.instances.update","firebaserules.releases.create","firebaserules.releases.update","firebaserules.rulesets.create"]}
[debug] [2023-09-08T01:06:06.768Z] >>> [apiv2][query] POST https://iam.googleapis.com/v1/projects/eportfolio-7d613/serviceAccounts/eportfolio-7d613@appspot.gserviceaccount.com:testIamPermissions [none]
[debug] [2023-09-08T01:06:06.768Z] >>> [apiv2][body] POST https://iam.googleapis.com/v1/projects/eportfolio-7d613/serviceAccounts/eportfolio-7d613@appspot.gserviceaccount.com:testIamPermissions {"permissions":["iam.serviceAccounts.actAs"]}
[debug] [2023-09-08T01:06:06.989Z] <<< [apiv2][status] POST https://iam.googleapis.com/v1/projects/eportfolio-7d613/serviceAccounts/eportfolio-7d613@appspot.gserviceaccount.com:testIamPermissions 200
[debug] [2023-09-08T01:06:06.990Z] <<< [apiv2][body] POST https://iam.googleapis.com/v1/projects/eportfolio-7d613/serviceAccounts/eportfolio-7d613@appspot.gserviceaccount.com:testIamPermissions {"permissions":["iam.serviceAccounts.actAs"]}
[debug] [2023-09-08T01:06:06.992Z] >>> [apiv2][query] GET https://firebase.googleapis.com/v1beta1/projects/eportfolio-7d613 [none]
[debug] [2023-09-08T01:06:07.310Z] <<< [apiv2][status] GET https://firebase.googleapis.com/v1beta1/projects/eportfolio-7d613 200
[debug] [2023-09-08T01:06:07.311Z] <<< [apiv2][body] GET https://firebase.googleapis.com/v1beta1/projects/eportfolio-7d613 {"projectId":"eportfolio-7d613","projectNumber":"396312513637","displayName":"eportfolio","name":"projects/eportfolio-7d613","resources":{"hostingSite":"eportfolio-7d613","realtimeDatabaseInstance":"eportfolio-7d613-default-rtdb","storageBucket":"eportfolio-7d613.appspot.com","locationId":"us-central"},"state":"ACTIVE","etag":"1_9044eeb4-8a7e-4f09-8a2a-0860e1e1638a"}
[info] 
[info] === Deploying to 'eportfolio-7d613'...
[info] 
[info] i  deploying database, storage, functions 
[info] Running command: npm --prefix "$RESOURCE_DIR" run lint
[info] Running command: npm --prefix "$RESOURCE_DIR" run build
[info] ✔  functions: Finished running predeploy script. 
[info] i  database: checking rules syntax... 
[debug] [2023-09-08T01:06:19.162Z] >>> [apiv2][query] GET https://firebasedatabase.googleapis.com/v1beta/projects/eportfolio-7d613/locations/-/instances/eportfolio-7d613-default-rtdb [none]
[debug] [2023-09-08T01:06:19.518Z] <<< [apiv2][status] GET https://firebasedatabase.googleapis.com/v1beta/projects/eportfolio-7d613/locations/-/instances/eportfolio-7d613-default-rtdb 200
[debug] [2023-09-08T01:06:19.518Z] <<< [apiv2][body] GET https://firebasedatabase.googleapis.com/v1beta/projects/eportfolio-7d613/locations/-/instances/eportfolio-7d613-default-rtdb {"name":"projects/396312513637/locations/us-central1/instances/eportfolio-7d613-default-rtdb","project":"projects/396312513637","databaseUrl":"https://eportfolio-7d613-default-rtdb.firebaseio.com","type":"DEFAULT_DATABASE","state":"ACTIVE"}
[debug] [2023-09-08T01:06:19.521Z] >>> [apiv2][query] PUT https://eportfolio-7d613-default-rtdb.firebaseio.com/.settings/rules.json dryRun=true
[debug] [2023-09-08T01:06:19.522Z] >>> [apiv2][body] PUT https://eportfolio-7d613-default-rtdb.firebaseio.com/.settings/rules.json "{\n  \"rules\": {\n    \".read\": false,\n    \".write\": false\n  }\n}"
[debug] [2023-09-08T01:06:19.754Z] <<< [apiv2][status] PUT https://eportfolio-7d613-default-rtdb.firebaseio.com/.settings/rules.json 200
[debug] [2023-09-08T01:06:19.754Z] <<< [apiv2][body] PUT https://eportfolio-7d613-default-rtdb.firebaseio.com/.settings/rules.json {"status":"ok"}
[info] ✔  database: rules syntax for database eportfolio-7d613-default-rtdb is valid 
[debug] [2023-09-08T01:06:19.756Z] >>> [apiv2][query] GET https://firebase.googleapis.com/v1beta1/projects/eportfolio-7d613 [none]
[debug] [2023-09-08T01:06:20.025Z] <<< [apiv2][status] GET https://firebase.googleapis.com/v1beta1/projects/eportfolio-7d613 200
[debug] [2023-09-08T01:06:20.025Z] <<< [apiv2][body] GET https://firebase.googleapis.com/v1beta1/projects/eportfolio-7d613 {"projectId":"eportfolio-7d613","projectNumber":"396312513637","displayName":"eportfolio","name":"projects/eportfolio-7d613","resources":{"hostingSite":"eportfolio-7d613","realtimeDatabaseInstance":"eportfolio-7d613-default-rtdb","storageBucket":"eportfolio-7d613.appspot.com","locationId":"us-central"},"state":"ACTIVE","etag":"1_9044eeb4-8a7e-4f09-8a2a-0860e1e1638a"}
[info] i  firebase.storage: checking storage.rules for compilation errors... 
[debug] [2023-09-08T01:06:20.026Z] >>> [apiv2][query] POST https://firebaserules.googleapis.com/v1/projects/eportfolio-7d613:test [none]
[debug] [2023-09-08T01:06:20.027Z] >>> [apiv2][body] POST https://firebaserules.googleapis.com/v1/projects/eportfolio-7d613:test [omitted]
[debug] [2023-09-08T01:06:20.250Z] <<< [apiv2][status] POST https://firebaserules.googleapis.com/v1/projects/eportfolio-7d613:test 200
[debug] [2023-09-08T01:06:20.250Z] <<< [apiv2][body] POST https://firebaserules.googleapis.com/v1/projects/eportfolio-7d613:test {}
[info] ✔  firebase.storage: rules file storage.rules compiled successfully 
[debug] [2023-09-08T01:06:20.252Z] >>> [apiv2][query] GET https://firebase.googleapis.com/v1beta1/projects/eportfolio-7d613 [none]
[debug] [2023-09-08T01:06:20.515Z] <<< [apiv2][status] GET https://firebase.googleapis.com/v1beta1/projects/eportfolio-7d613 200
[debug] [2023-09-08T01:06:20.515Z] <<< [apiv2][body] GET https://firebase.googleapis.com/v1beta1/projects/eportfolio-7d613 {"projectId":"eportfolio-7d613","projectNumber":"396312513637","displayName":"eportfolio","name":"projects/eportfolio-7d613","resources":{"hostingSite":"eportfolio-7d613","realtimeDatabaseInstance":"eportfolio-7d613-default-rtdb","storageBucket":"eportfolio-7d613.appspot.com","locationId":"us-central"},"state":"ACTIVE","etag":"1_9044eeb4-8a7e-4f09-8a2a-0860e1e1638a"}
[info] i  functions: preparing codebase default for deployment 
[info] i  functions: ensuring required API cloudfunctions.googleapis.com is enabled... 
[info] i  functions: ensuring required API cloudbuild.googleapis.com is enabled... 
[info] i  artifactregistry: ensuring required API artifactregistry.googleapis.com is enabled... 
[debug] [2023-09-08T01:06:20.519Z] >>> [apiv2][query] GET https://serviceusage.googleapis.com/v1/projects/eportfolio-7d613/services/cloudfunctions.googleapis.com [none]
[debug] [2023-09-08T01:06:20.519Z] >>> [apiv2][(partial)header] GET https://serviceusage.googleapis.com/v1/projects/eportfolio-7d613/services/cloudfunctions.googleapis.com x-goog-quota-user=projects/eportfolio-7d613
[debug] [2023-09-08T01:06:20.523Z] >>> [apiv2][query] GET https://serviceusage.googleapis.com/v1/projects/eportfolio-7d613/services/runtimeconfig.googleapis.com [none]
[debug] [2023-09-08T01:06:20.524Z] >>> [apiv2][(partial)header] GET https://serviceusage.googleapis.com/v1/projects/eportfolio-7d613/services/runtimeconfig.googleapis.com x-goog-quota-user=projects/eportfolio-7d613
[debug] [2023-09-08T01:06:20.527Z] >>> [apiv2][query] GET https://serviceusage.googleapis.com/v1/projects/eportfolio-7d613/services/cloudbuild.googleapis.com [none]
[debug] [2023-09-08T01:06:20.527Z] >>> [apiv2][(partial)header] GET https://serviceusage.googleapis.com/v1/projects/eportfolio-7d613/services/cloudbuild.googleapis.com x-goog-quota-user=projects/eportfolio-7d613
[debug] [2023-09-08T01:06:20.532Z] >>> [apiv2][query] GET https://serviceusage.googleapis.com/v1/projects/eportfolio-7d613/services/artifactregistry.googleapis.com [none]
[debug] [2023-09-08T01:06:20.532Z] >>> [apiv2][(partial)header] GET https://serviceusage.googleapis.com/v1/projects/eportfolio-7d613/services/artifactregistry.googleapis.com x-goog-quota-user=projects/eportfolio-7d613
[debug] [2023-09-08T01:06:20.874Z] <<< [apiv2][status] GET https://serviceusage.googleapis.com/v1/projects/eportfolio-7d613/services/cloudbuild.googleapis.com 200
[debug] [2023-09-08T01:06:20.874Z] <<< [apiv2][body] GET https://serviceusage.googleapis.com/v1/projects/eportfolio-7d613/services/cloudbuild.googleapis.com [omitted]
[warn] ⚠  functions: missing required API cloudbuild.googleapis.com. Enabling now... 
[debug] [2023-09-08T01:06:20.875Z] >>> [apiv2][query] POST https://serviceusage.googleapis.com/v1/projects/eportfolio-7d613/services/cloudbuild.googleapis.com:enable [none]
[debug] [2023-09-08T01:06:20.875Z] >>> [apiv2][(partial)header] POST https://serviceusage.googleapis.com/v1/projects/eportfolio-7d613/services/cloudbuild.googleapis.com:enable x-goog-quota-user=projects/eportfolio-7d613
[debug] [2023-09-08T01:06:20.885Z] <<< [apiv2][status] GET https://serviceusage.googleapis.com/v1/projects/eportfolio-7d613/services/cloudfunctions.googleapis.com 200
[debug] [2023-09-08T01:06:20.885Z] <<< [apiv2][body] GET https://serviceusage.googleapis.com/v1/projects/eportfolio-7d613/services/cloudfunctions.googleapis.com [omitted]
[info] ✔  functions: required API cloudfunctions.googleapis.com is enabled 
[debug] [2023-09-08T01:06:20.888Z] <<< [apiv2][status] GET https://serviceusage.googleapis.com/v1/projects/eportfolio-7d613/services/artifactregistry.googleapis.com 200
[debug] [2023-09-08T01:06:20.888Z] <<< [apiv2][body] GET https://serviceusage.googleapis.com/v1/projects/eportfolio-7d613/services/artifactregistry.googleapis.com [omitted]
[warn] ⚠  artifactregistry: missing required API artifactregistry.googleapis.com. Enabling now... 
[debug] [2023-09-08T01:06:20.889Z] >>> [apiv2][query] POST https://serviceusage.googleapis.com/v1/projects/eportfolio-7d613/services/artifactregistry.googleapis.com:enable [none]
[debug] [2023-09-08T01:06:20.889Z] >>> [apiv2][(partial)header] POST https://serviceusage.googleapis.com/v1/projects/eportfolio-7d613/services/artifactregistry.googleapis.com:enable x-goog-quota-user=projects/eportfolio-7d613
[debug] [2023-09-08T01:06:20.898Z] <<< [apiv2][status] GET https://serviceusage.googleapis.com/v1/projects/eportfolio-7d613/services/runtimeconfig.googleapis.com 200
[debug] [2023-09-08T01:06:20.898Z] <<< [apiv2][body] GET https://serviceusage.googleapis.com/v1/projects/eportfolio-7d613/services/runtimeconfig.googleapis.com [omitted]
[debug] [2023-09-08T01:06:22.626Z] <<< [apiv2][status] POST https://serviceusage.googleapis.com/v1/projects/eportfolio-7d613/services/cloudbuild.googleapis.com:enable 200
[debug] [2023-09-08T01:06:22.627Z] <<< [apiv2][body] POST https://serviceusage.googleapis.com/v1/projects/eportfolio-7d613/services/cloudbuild.googleapis.com:enable [omitted]
[debug] [2023-09-08T01:06:22.628Z] <<< [apiv2][status] POST https://serviceusage.googleapis.com/v1/projects/eportfolio-7d613/services/artifactregistry.googleapis.com:enable 200
[debug] [2023-09-08T01:06:22.628Z] <<< [apiv2][body] POST https://serviceusage.googleapis.com/v1/projects/eportfolio-7d613/services/artifactregistry.googleapis.com:enable [omitted]
[debug] [2023-09-08T01:06:32.628Z] >>> [apiv2][query] GET https://serviceusage.googleapis.com/v1/projects/eportfolio-7d613/services/cloudbuild.googleapis.com [none]
[debug] [2023-09-08T01:06:32.628Z] >>> [apiv2][(partial)header] GET https://serviceusage.googleapis.com/v1/projects/eportfolio-7d613/services/cloudbuild.googleapis.com x-goog-quota-user=projects/eportfolio-7d613
[debug] [2023-09-08T01:06:32.633Z] >>> [apiv2][query] GET https://serviceusage.googleapis.com/v1/projects/eportfolio-7d613/services/artifactregistry.googleapis.com [none]
[debug] [2023-09-08T01:06:32.633Z] >>> [apiv2][(partial)header] GET https://serviceusage.googleapis.com/v1/projects/eportfolio-7d613/services/artifactregistry.googleapis.com x-goog-quota-user=projects/eportfolio-7d613
[debug] [2023-09-08T01:06:32.915Z] <<< [apiv2][status] GET https://serviceusage.googleapis.com/v1/projects/eportfolio-7d613/services/artifactregistry.googleapis.com 200
[debug] [2023-09-08T01:06:32.915Z] <<< [apiv2][body] GET https://serviceusage.googleapis.com/v1/projects/eportfolio-7d613/services/artifactregistry.googleapis.com [omitted]
[info] ✔  artifactregistry: required API artifactregistry.googleapis.com is enabled 
[debug] [2023-09-08T01:06:32.917Z] <<< [apiv2][status] GET https://serviceusage.googleapis.com/v1/projects/eportfolio-7d613/services/cloudbuild.googleapis.com 200
[debug] [2023-09-08T01:06:32.917Z] <<< [apiv2][body] GET https://serviceusage.googleapis.com/v1/projects/eportfolio-7d613/services/cloudbuild.googleapis.com [omitted]
[info] ✔  functions: required API cloudbuild.googleapis.com is enabled 
[debug] [2023-09-08T01:06:32.917Z] >>> [apiv2][query] GET https://firebase.googleapis.com/v1beta1/projects/eportfolio-7d613/adminSdkConfig [none]
[debug] [2023-09-08T01:06:33.211Z] <<< [apiv2][status] GET https://firebase.googleapis.com/v1beta1/projects/eportfolio-7d613/adminSdkConfig 200
[debug] [2023-09-08T01:06:33.212Z] <<< [apiv2][body] GET https://firebase.googleapis.com/v1beta1/projects/eportfolio-7d613/adminSdkConfig {"projectId":"eportfolio-7d613","databaseURL":"https://eportfolio-7d613-default-rtdb.firebaseio.com","storageBucket":"eportfolio-7d613.appspot.com","locationId":"us-central"}
[debug] [2023-09-08T01:06:33.214Z] >>> [apiv2][query] GET https://runtimeconfig.googleapis.com/v1beta1/projects/eportfolio-7d613/configs [none]
[debug] [2023-09-08T01:06:33.505Z] <<< [apiv2][status] GET https://runtimeconfig.googleapis.com/v1beta1/projects/eportfolio-7d613/configs 200
[debug] [2023-09-08T01:06:33.505Z] <<< [apiv2][body] GET https://runtimeconfig.googleapis.com/v1beta1/projects/eportfolio-7d613/configs {}
[debug] [2023-09-08T01:06:33.507Z] Validating nodejs source
[debug] [2023-09-08T01:06:34.443Z] > [functions] package.json contents: {
  "name": "functions",
  "scripts": {
    "lint": "eslint --ext .js,.ts .",
    "build": "tsc",
    "build:watch": "tsc --watch",
    "serve": "npm run build && firebase emulators:start --only functions",
    "shell": "npm run build && firebase functions:shell",
    "start": "npm run shell",
    "deploy": "firebase deploy --only functions",
    "logs": "firebase functions:log"
  },
  "engines": {
    "node": "18"
  },
  "main": "lib/index.js",
  "dependencies": {
    "firebase-admin": "^11.8.0",
    "firebase-functions": "^4.3.1"
  },
  "devDependencies": {
    "@typescript-eslint/eslint-plugin": "^5.12.0",
    "@typescript-eslint/parser": "^5.12.0",
    "eslint": "^8.9.0",
    "eslint-config-google": "^0.14.0",
    "eslint-plugin-import": "^2.25.4",
    "firebase-functions-test": "^3.1.0",
    "typescript": "^4.9.0"
  },
  "private": true
}
[debug] [2023-09-08T01:06:34.443Z] Building nodejs source
[info] i  functions: Loading and analyzing source code for codebase default to determine what to deploy 
[debug] [2023-09-08T01:06:34.445Z] Could not find functions.yaml. Must use http discovery
[debug] [2023-09-08T01:06:34.465Z] Found firebase-functions binary at '/Users/emar/Documents/Web Dev/eportfolio/functions/node_modules/.bin/firebase-functions'
[info] Serving at port 8083

[debug] [2023-09-08T01:06:34.991Z] Got response from /__/functions.yaml {"endpoints":{"helloWorld":{"availableMemoryMb":null,"timeoutSeconds":null,"minInstances":null,"maxInstances":null,"ingressSettings":null,"concurrency":null,"serviceAccountEmail":null,"vpc":null,"platform":"gcfv2","labels":{},"httpsTrigger":{},"entryPoint":"helloWorld"}},"specVersion":"v1alpha1","requiredAPIs":[]}
[info] shutdown requested via /__/quitquitquit

[info] i  functions: preparing functions directory for uploading... 
[info] i  functions: packaged /Users/emar/Documents/Web Dev/eportfolio/functions (86.17 KB) for uploading 
[debug] [2023-09-08T01:06:35.073Z] >>> [apiv2][query] GET https://cloudfunctions.googleapis.com/v1/projects/eportfolio-7d613/locations/-/functions [none]
[debug] [2023-09-08T01:06:35.653Z] <<< [apiv2][status] GET https://cloudfunctions.googleapis.com/v1/projects/eportfolio-7d613/locations/-/functions 200
[debug] [2023-09-08T01:06:35.653Z] <<< [apiv2][body] GET https://cloudfunctions.googleapis.com/v1/projects/eportfolio-7d613/locations/-/functions {}
[debug] [2023-09-08T01:06:35.655Z] >>> [apiv2][query] GET https://cloudfunctions.googleapis.com/v2/projects/eportfolio-7d613/locations/-/functions filter=environment%3D%22GEN_2%22
[debug] [2023-09-08T01:06:36.215Z] <<< [apiv2][status] GET https://cloudfunctions.googleapis.com/v2/projects/eportfolio-7d613/locations/-/functions 200
[debug] [2023-09-08T01:06:36.215Z] <<< [apiv2][body] GET https://cloudfunctions.googleapis.com/v2/projects/eportfolio-7d613/locations/-/functions {}
[info] i  functions: ensuring required API run.googleapis.com is enabled... 
[info] i  functions: ensuring required API eventarc.googleapis.com is enabled... 
[info] i  functions: ensuring required API pubsub.googleapis.com is enabled... 
[info] i  functions: ensuring required API storage.googleapis.com is enabled... 
[debug] [2023-09-08T01:06:36.220Z] >>> [apiv2][query] GET https://serviceusage.googleapis.com/v1/projects/eportfolio-7d613/services/run.googleapis.com [none]
[debug] [2023-09-08T01:06:36.220Z] >>> [apiv2][(partial)header] GET https://serviceusage.googleapis.com/v1/projects/eportfolio-7d613/services/run.googleapis.com x-goog-quota-user=projects/eportfolio-7d613
[debug] [2023-09-08T01:06:36.226Z] >>> [apiv2][query] GET https://serviceusage.googleapis.com/v1/projects/eportfolio-7d613/services/eventarc.googleapis.com [none]
[debug] [2023-09-08T01:06:36.226Z] >>> [apiv2][(partial)header] GET https://serviceusage.googleapis.com/v1/projects/eportfolio-7d613/services/eventarc.googleapis.com x-goog-quota-user=projects/eportfolio-7d613
[debug] [2023-09-08T01:06:36.231Z] >>> [apiv2][query] GET https://serviceusage.googleapis.com/v1/projects/eportfolio-7d613/services/pubsub.googleapis.com [none]
[debug] [2023-09-08T01:06:36.232Z] >>> [apiv2][(partial)header] GET https://serviceusage.googleapis.com/v1/projects/eportfolio-7d613/services/pubsub.googleapis.com x-goog-quota-user=projects/eportfolio-7d613
[debug] [2023-09-08T01:06:36.237Z] >>> [apiv2][query] GET https://serviceusage.googleapis.com/v1/projects/eportfolio-7d613/services/storage.googleapis.com [none]
[debug] [2023-09-08T01:06:36.237Z] >>> [apiv2][(partial)header] GET https://serviceusage.googleapis.com/v1/projects/eportfolio-7d613/services/storage.googleapis.com x-goog-quota-user=projects/eportfolio-7d613
[debug] [2023-09-08T01:06:36.557Z] <<< [apiv2][status] GET https://serviceusage.googleapis.com/v1/projects/eportfolio-7d613/services/pubsub.googleapis.com 200
[debug] [2023-09-08T01:06:36.557Z] <<< [apiv2][body] GET https://serviceusage.googleapis.com/v1/projects/eportfolio-7d613/services/pubsub.googleapis.com [omitted]
[info] ✔  functions: required API pubsub.googleapis.com is enabled 
[debug] [2023-09-08T01:06:36.559Z] <<< [apiv2][status] GET https://serviceusage.googleapis.com/v1/projects/eportfolio-7d613/services/eventarc.googleapis.com 200
[debug] [2023-09-08T01:06:36.559Z] <<< [apiv2][body] GET https://serviceusage.googleapis.com/v1/projects/eportfolio-7d613/services/eventarc.googleapis.com [omitted]
[warn] ⚠  functions: missing required API eventarc.googleapis.com. Enabling now... 
[debug] [2023-09-08T01:06:36.560Z] >>> [apiv2][query] POST https://serviceusage.googleapis.com/v1/projects/eportfolio-7d613/services/eventarc.googleapis.com:enable [none]
[debug] [2023-09-08T01:06:36.560Z] >>> [apiv2][(partial)header] POST https://serviceusage.googleapis.com/v1/projects/eportfolio-7d613/services/eventarc.googleapis.com:enable x-goog-quota-user=projects/eportfolio-7d613
[debug] [2023-09-08T01:06:36.568Z] <<< [apiv2][status] GET https://serviceusage.googleapis.com/v1/projects/eportfolio-7d613/services/run.googleapis.com 200
[debug] [2023-09-08T01:06:36.568Z] <<< [apiv2][body] GET https://serviceusage.googleapis.com/v1/projects/eportfolio-7d613/services/run.googleapis.com [omitted]
[warn] ⚠  functions: missing required API run.googleapis.com. Enabling now... 
[debug] [2023-09-08T01:06:36.569Z] >>> [apiv2][query] POST https://serviceusage.googleapis.com/v1/projects/eportfolio-7d613/services/run.googleapis.com:enable [none]
[debug] [2023-09-08T01:06:36.569Z] >>> [apiv2][(partial)header] POST https://serviceusage.googleapis.com/v1/projects/eportfolio-7d613/services/run.googleapis.com:enable x-goog-quota-user=projects/eportfolio-7d613
[debug] [2023-09-08T01:06:36.623Z] <<< [apiv2][status] GET https://serviceusage.googleapis.com/v1/projects/eportfolio-7d613/services/storage.googleapis.com 200
[debug] [2023-09-08T01:06:36.623Z] <<< [apiv2][body] GET https://serviceusage.googleapis.com/v1/projects/eportfolio-7d613/services/storage.googleapis.com [omitted]
[info] ✔  functions: required API storage.googleapis.com is enabled 
[debug] [2023-09-08T01:06:37.095Z] <<< [apiv2][status] POST https://serviceusage.googleapis.com/v1/projects/eportfolio-7d613/services/run.googleapis.com:enable 200
[debug] [2023-09-08T01:06:37.095Z] <<< [apiv2][body] POST https://serviceusage.googleapis.com/v1/projects/eportfolio-7d613/services/run.googleapis.com:enable [omitted]
[debug] [2023-09-08T01:06:37.109Z] <<< [apiv2][status] POST https://serviceusage.googleapis.com/v1/projects/eportfolio-7d613/services/eventarc.googleapis.com:enable 200
[debug] [2023-09-08T01:06:37.109Z] <<< [apiv2][body] POST https://serviceusage.googleapis.com/v1/projects/eportfolio-7d613/services/eventarc.googleapis.com:enable [omitted]
[debug] [2023-09-08T01:06:47.096Z] >>> [apiv2][query] GET https://serviceusage.googleapis.com/v1/projects/eportfolio-7d613/services/run.googleapis.com [none]
[debug] [2023-09-08T01:06:47.096Z] >>> [apiv2][(partial)header] GET https://serviceusage.googleapis.com/v1/projects/eportfolio-7d613/services/run.googleapis.com x-goog-quota-user=projects/eportfolio-7d613
[debug] [2023-09-08T01:06:47.110Z] >>> [apiv2][query] GET https://serviceusage.googleapis.com/v1/projects/eportfolio-7d613/services/eventarc.googleapis.com [none]
[debug] [2023-09-08T01:06:47.110Z] >>> [apiv2][(partial)header] GET https://serviceusage.googleapis.com/v1/projects/eportfolio-7d613/services/eventarc.googleapis.com x-goog-quota-user=projects/eportfolio-7d613
[debug] [2023-09-08T01:06:47.456Z] <<< [apiv2][status] GET https://serviceusage.googleapis.com/v1/projects/eportfolio-7d613/services/run.googleapis.com 200
[debug] [2023-09-08T01:06:47.456Z] <<< [apiv2][body] GET https://serviceusage.googleapis.com/v1/projects/eportfolio-7d613/services/run.googleapis.com [omitted]
[info] ✔  functions: required API run.googleapis.com is enabled 
[debug] [2023-09-08T01:06:47.460Z] <<< [apiv2][status] GET https://serviceusage.googleapis.com/v1/projects/eportfolio-7d613/services/eventarc.googleapis.com 200
[debug] [2023-09-08T01:06:47.460Z] <<< [apiv2][body] GET https://serviceusage.googleapis.com/v1/projects/eportfolio-7d613/services/eventarc.googleapis.com [omitted]
[info] ✔  functions: required API eventarc.googleapis.com is enabled 
[info] i  functions: generating the service identity for pubsub.googleapis.com... 
[info] i  functions: generating the service identity for eventarc.googleapis.com... 
[debug] [2023-09-08T01:06:47.462Z] >>> [apiv2][query] POST https://serviceusage.googleapis.com/v1beta1/projects/396312513637/services/pubsub.googleapis.com:generateServiceIdentity [none]
[debug] [2023-09-08T01:06:47.466Z] >>> [apiv2][query] POST https://serviceusage.googleapis.com/v1beta1/projects/396312513637/services/eventarc.googleapis.com:generateServiceIdentity [none]
[debug] [2023-09-08T01:06:48.218Z] <<< [apiv2][status] POST https://serviceusage.googleapis.com/v1beta1/projects/396312513637/services/eventarc.googleapis.com:generateServiceIdentity 200
[debug] [2023-09-08T01:06:48.219Z] <<< [apiv2][body] POST https://serviceusage.googleapis.com/v1beta1/projects/396312513637/services/eventarc.googleapis.com:generateServiceIdentity {"name":"operations/finished.DONE_OPERATION","done":true,"response":{"@type":"type.googleapis.com/google.api.serviceusage.v1beta1.ServiceIdentity","email":"service-396312513637@gcp-sa-eventarc.iam.gserviceaccount.com","uniqueId":"106595302754549148725"}}
[debug] [2023-09-08T01:06:48.407Z] <<< [apiv2][status] POST https://serviceusage.googleapis.com/v1beta1/projects/396312513637/services/pubsub.googleapis.com:generateServiceIdentity 200
[debug] [2023-09-08T01:06:48.407Z] <<< [apiv2][body] POST https://serviceusage.googleapis.com/v1beta1/projects/396312513637/services/pubsub.googleapis.com:generateServiceIdentity {"name":"operations/finished.DONE_OPERATION","done":true,"response":{"@type":"type.googleapis.com/google.api.serviceusage.v1beta1.ServiceIdentity","email":"service-396312513637@gcp-sa-pubsub.iam.gserviceaccount.com","uniqueId":"111588910156999298571"}}
[debug] [2023-09-08T01:06:48.410Z] >>> [apiv2][query] GET https://firebase.googleapis.com/v1beta1/projects/eportfolio-7d613 [none]
[debug] [2023-09-08T01:06:48.660Z] <<< [apiv2][status] GET https://firebase.googleapis.com/v1beta1/projects/eportfolio-7d613 200
[debug] [2023-09-08T01:06:48.660Z] <<< [apiv2][body] GET https://firebase.googleapis.com/v1beta1/projects/eportfolio-7d613 {"projectId":"eportfolio-7d613","projectNumber":"396312513637","displayName":"eportfolio","name":"projects/eportfolio-7d613","resources":{"hostingSite":"eportfolio-7d613","realtimeDatabaseInstance":"eportfolio-7d613-default-rtdb","storageBucket":"eportfolio-7d613.appspot.com","locationId":"us-central"},"state":"ACTIVE","etag":"1_9044eeb4-8a7e-4f09-8a2a-0860e1e1638a"}
[debug] [2023-09-08T01:06:48.663Z] >>> [apiv2][query] GET https://firebaserules.googleapis.com/v1/projects/eportfolio-7d613/releases pageSize=10&pageToken=
[debug] [2023-09-08T01:06:48.873Z] <<< [apiv2][status] GET https://firebaserules.googleapis.com/v1/projects/eportfolio-7d613/releases 200
[debug] [2023-09-08T01:06:48.874Z] <<< [apiv2][body] GET https://firebaserules.googleapis.com/v1/projects/eportfolio-7d613/releases {"releases":[{"name":"projects/eportfolio-7d613/releases/cloud.firestore","rulesetName":"projects/eportfolio-7d613/rulesets/a43cfa81-60e2-4e82-a5ed-9290a2a4f572","createTime":"2023-09-08T00:53:42.208539Z","updateTime":"2023-09-08T00:53:42.208539Z"},{"name":"projects/eportfolio-7d613/releases/firebase.storage/eportfolio-7d613.appspot.com","rulesetName":"projects/eportfolio-7d613/rulesets/ba939f3d-a278-46e6-9095-b5bfe036d19c","createTime":"2023-09-08T01:01:18.312935Z","updateTime":"2023-09-08T01:01:18.312935Z"}]}
[debug] [2023-09-08T01:06:48.893Z] >>> [apiv2][query] GET https://firebaserules.googleapis.com/v1/projects/eportfolio-7d613/rulesets/ba939f3d-a278-46e6-9095-b5bfe036d19c [none]
[debug] [2023-09-08T01:06:49.164Z] <<< [apiv2][status] GET https://firebaserules.googleapis.com/v1/projects/eportfolio-7d613/rulesets/ba939f3d-a278-46e6-9095-b5bfe036d19c 200
[debug] [2023-09-08T01:06:49.164Z] <<< [apiv2][body] GET https://firebaserules.googleapis.com/v1/projects/eportfolio-7d613/rulesets/ba939f3d-a278-46e6-9095-b5bfe036d19c [omitted]
[debug] [2023-09-08T01:06:49.167Z] >>> [apiv2][query] POST https://cloudresourcemanager.googleapis.com/v1/projects/396312513637:getIamPolicy [none]
[debug] [2023-09-08T01:06:49.445Z] <<< [apiv2][status] POST https://cloudresourcemanager.googleapis.com/v1/projects/396312513637:getIamPolicy 200
[debug] [2023-09-08T01:06:49.446Z] <<< [apiv2][body] POST https://cloudresourcemanager.googleapis.com/v1/projects/396312513637:getIamPolicy {"version":1,"etag":"BwYEzpbGaj0=","bindings":[{"role":"roles/cloudbuild.builds.builder","members":["serviceAccount:396312513637@cloudbuild.gserviceaccount.com"]},{"role":"roles/cloudbuild.serviceAgent","members":["serviceAccount:service-396312513637@gcp-sa-cloudbuild.iam.gserviceaccount.com"]},{"role":"roles/cloudfunctions.admin","members":["serviceAccount:firebase-adminsdk-58f75@eportfolio-7d613.iam.gserviceaccount.com"]},{"role":"roles/containerregistry.ServiceAgent","members":["serviceAccount:service-396312513637@containerregistry.iam.gserviceaccount.com"]},{"role":"roles/editor","members":["serviceAccount:396312513637-compute@developer.gserviceaccount.com","serviceAccount:eportfolio-7d613@appspot.gserviceaccount.com"]},{"role":"roles/firebase.managementServiceAgent","members":["serviceAccount:firebase-service-account@firebase-sa-management.iam.gserviceaccount.com","serviceAccount:service-396312513637@gcp-sa-firebase.iam.gserviceaccount.com"]},{"role":"roles/firebase.sdkAdminServiceAgent","members":["serviceAccount:firebase-adminsdk-58f75@eportfolio-7d613.iam.gserviceaccount.com"]},{"role":"roles/firebaserules.system","members":["serviceAccount:service-396312513637@firebase-rules.iam.gserviceaccount.com"]},{"role":"roles/firebasestorage.serviceAgent","members":["serviceAccount:service-396312513637@gcp-sa-firebasestorage.iam.gserviceaccount.com"]},{"role":"roles/firestore.serviceAgent","members":["serviceAccount:service-396312513637@gcp-sa-firestore.iam.gserviceaccount.com"]},{"role":"roles/iam.serviceAccountTokenCreator","members":["serviceAccount:firebase-adminsdk-58f75@eportfolio-7d613.iam.gserviceaccount.com"]},{"role":"roles/owner","members":["user:devaccemar@gmail.com"]},{"role":"roles/pubsub.serviceAgent","members":["serviceAccount:service-396312513637@gcp-sa-pubsub.iam.gserviceaccount.com"]},{"role":"roles/run.serviceAgent","members":["serviceAccount:service-396312513637@serverless-robot-prod.iam.gserviceaccount.com"]},{"role":"roles/storage.admin","members":["serviceAccount:firebase-adminsdk-58f75@eportfolio-7d613.iam.gserviceaccount.com"]}]}
[debug] [2023-09-08T01:07:18.178Z] >>> [apiv2][query] POST https://cloudresourcemanager.googleapis.com/v1/projects/396312513637:getIamPolicy [none]
[debug] [2023-09-08T01:07:18.443Z] <<< [apiv2][status] POST https://cloudresourcemanager.googleapis.com/v1/projects/396312513637:getIamPolicy 200
[debug] [2023-09-08T01:07:18.443Z] <<< [apiv2][body] POST https://cloudresourcemanager.googleapis.com/v1/projects/396312513637:getIamPolicy {"version":1,"etag":"BwYEzpbGaj0=","bindings":[{"role":"roles/cloudbuild.builds.builder","members":["serviceAccount:396312513637@cloudbuild.gserviceaccount.com"]},{"role":"roles/cloudbuild.serviceAgent","members":["serviceAccount:service-396312513637@gcp-sa-cloudbuild.iam.gserviceaccount.com"]},{"role":"roles/cloudfunctions.admin","members":["serviceAccount:firebase-adminsdk-58f75@eportfolio-7d613.iam.gserviceaccount.com"]},{"role":"roles/containerregistry.ServiceAgent","members":["serviceAccount:service-396312513637@containerregistry.iam.gserviceaccount.com"]},{"role":"roles/editor","members":["serviceAccount:396312513637-compute@developer.gserviceaccount.com","serviceAccount:eportfolio-7d613@appspot.gserviceaccount.com"]},{"role":"roles/firebase.managementServiceAgent","members":["serviceAccount:firebase-service-account@firebase-sa-management.iam.gserviceaccount.com","serviceAccount:service-396312513637@gcp-sa-firebase.iam.gserviceaccount.com"]},{"role":"roles/firebase.sdkAdminServiceAgent","members":["serviceAccount:firebase-adminsdk-58f75@eportfolio-7d613.iam.gserviceaccount.com"]},{"role":"roles/firebaserules.system","members":["serviceAccount:service-396312513637@firebase-rules.iam.gserviceaccount.com"]},{"role":"roles/firebasestorage.serviceAgent","members":["serviceAccount:service-396312513637@gcp-sa-firebasestorage.iam.gserviceaccount.com"]},{"role":"roles/firestore.serviceAgent","members":["serviceAccount:service-396312513637@gcp-sa-firestore.iam.gserviceaccount.com"]},{"role":"roles/iam.serviceAccountTokenCreator","members":["serviceAccount:firebase-adminsdk-58f75@eportfolio-7d613.iam.gserviceaccount.com"]},{"role":"roles/owner","members":["user:devaccemar@gmail.com"]},{"role":"roles/pubsub.serviceAgent","members":["serviceAccount:service-396312513637@gcp-sa-pubsub.iam.gserviceaccount.com"]},{"role":"roles/run.serviceAgent","members":["serviceAccount:service-396312513637@serverless-robot-prod.iam.gserviceaccount.com"]},{"role":"roles/storage.admin","members":["serviceAccount:firebase-adminsdk-58f75@eportfolio-7d613.iam.gserviceaccount.com"]}]}
[debug] [2023-09-08T01:07:18.446Z] >>> [apiv2][query] POST https://cloudresourcemanager.googleapis.com/v1/projects/396312513637:setIamPolicy [none]
[debug] [2023-09-08T01:07:18.446Z] >>> [apiv2][body] POST https://cloudresourcemanager.googleapis.com/v1/projects/396312513637:setIamPolicy {"policy":{"version":1,"etag":"BwYEzpbGaj0=","bindings":[{"role":"roles/cloudbuild.builds.builder","members":["serviceAccount:396312513637@cloudbuild.gserviceaccount.com"]},{"role":"roles/cloudbuild.serviceAgent","members":["serviceAccount:service-396312513637@gcp-sa-cloudbuild.iam.gserviceaccount.com"]},{"role":"roles/cloudfunctions.admin","members":["serviceAccount:firebase-adminsdk-58f75@eportfolio-7d613.iam.gserviceaccount.com"]},{"role":"roles/containerregistry.ServiceAgent","members":["serviceAccount:service-396312513637@containerregistry.iam.gserviceaccount.com"]},{"role":"roles/editor","members":["serviceAccount:396312513637-compute@developer.gserviceaccount.com","serviceAccount:eportfolio-7d613@appspot.gserviceaccount.com"]},{"role":"roles/firebase.managementServiceAgent","members":["serviceAccount:firebase-service-account@firebase-sa-management.iam.gserviceaccount.com","serviceAccount:service-396312513637@gcp-sa-firebase.iam.gserviceaccount.com"]},{"role":"roles/firebase.sdkAdminServiceAgent","members":["serviceAccount:firebase-adminsdk-58f75@eportfolio-7d613.iam.gserviceaccount.com"]},{"role":"roles/firebaserules.system","members":["serviceAccount:service-396312513637@firebase-rules.iam.gserviceaccount.com"]},{"role":"roles/firebasestorage.serviceAgent","members":["serviceAccount:service-396312513637@gcp-sa-firebasestorage.iam.gserviceaccount.com"]},{"role":"roles/firestore.serviceAgent","members":["serviceAccount:service-396312513637@gcp-sa-firestore.iam.gserviceaccount.com"]},{"role":"roles/iam.serviceAccountTokenCreator","members":["serviceAccount:firebase-adminsdk-58f75@eportfolio-7d613.iam.gserviceaccount.com"]},{"role":"roles/owner","members":["user:devaccemar@gmail.com"]},{"role":"roles/pubsub.serviceAgent","members":["serviceAccount:service-396312513637@gcp-sa-pubsub.iam.gserviceaccount.com"]},{"role":"roles/run.serviceAgent","members":["serviceAccount:service-396312513637@serverless-robot-prod.iam.gserviceaccount.com"]},{"role":"roles/storage.admin","members":["serviceAccount:firebase-adminsdk-58f75@eportfolio-7d613.iam.gserviceaccount.com"]},{"role":"roles/firebaserules.firestoreServiceAgent","members":["serviceAccount:service-396312513637@gcp-sa-firebasestorage.iam.gserviceaccount.com"]}]},"updateMask":"bindings"}
[debug] [2023-09-08T01:07:19.068Z] <<< [apiv2][status] POST https://cloudresourcemanager.googleapis.com/v1/projects/396312513637:setIamPolicy 200
[debug] [2023-09-08T01:07:19.069Z] <<< [apiv2][body] POST https://cloudresourcemanager.googleapis.com/v1/projects/396312513637:setIamPolicy {"version":1,"etag":"BwYEzpkhJY4=","bindings":[{"role":"roles/cloudbuild.builds.builder","members":["serviceAccount:396312513637@cloudbuild.gserviceaccount.com"]},{"role":"roles/cloudbuild.serviceAgent","members":["serviceAccount:service-396312513637@gcp-sa-cloudbuild.iam.gserviceaccount.com"]},{"role":"roles/cloudfunctions.admin","members":["serviceAccount:firebase-adminsdk-58f75@eportfolio-7d613.iam.gserviceaccount.com"]},{"role":"roles/containerregistry.ServiceAgent","members":["serviceAccount:service-396312513637@containerregistry.iam.gserviceaccount.com"]},{"role":"roles/editor","members":["serviceAccount:396312513637-compute@developer.gserviceaccount.com","serviceAccount:eportfolio-7d613@appspot.gserviceaccount.com"]},{"role":"roles/firebase.managementServiceAgent","members":["serviceAccount:firebase-service-account@firebase-sa-management.iam.gserviceaccount.com","serviceAccount:service-396312513637@gcp-sa-firebase.iam.gserviceaccount.com"]},{"role":"roles/firebase.sdkAdminServiceAgent","members":["serviceAccount:firebase-adminsdk-58f75@eportfolio-7d613.iam.gserviceaccount.com"]},{"role":"roles/firebaserules.firestoreServiceAgent","members":["serviceAccount:service-396312513637@gcp-sa-firebasestorage.iam.gserviceaccount.com"]},{"role":"roles/firebaserules.system","members":["serviceAccount:service-396312513637@firebase-rules.iam.gserviceaccount.com"]},{"role":"roles/firebasestorage.serviceAgent","members":["serviceAccount:service-396312513637@gcp-sa-firebasestorage.iam.gserviceaccount.com"]},{"role":"roles/firestore.serviceAgent","members":["serviceAccount:service-396312513637@gcp-sa-firestore.iam.gserviceaccount.com"]},{"role":"roles/iam.serviceAccountTokenCreator","members":["serviceAccount:firebase-adminsdk-58f75@eportfolio-7d613.iam.gserviceaccount.com"]},{"role":"roles/owner","members":["user:devaccemar@gmail.com"]},{"role":"roles/pubsub.serviceAgent","members":["serviceAccount:service-396312513637@gcp-sa-pubsub.iam.gserviceaccount.com"]},{"role":"roles/run.serviceAgent","members":["serviceAccount:service-396312513637@serverless-robot-prod.iam.gserviceaccount.com"]},{"role":"roles/storage.admin","members":["serviceAccount:firebase-adminsdk-58f75@eportfolio-7d613.iam.gserviceaccount.com"]}]}
[info] i  storage: updated service account for cross-service rules... 
[info] i  storage: uploading rules storage.rules... 
[debug] [2023-09-08T01:07:19.070Z] >>> [apiv2][query] POST https://firebaserules.googleapis.com/v1/projects/eportfolio-7d613/rulesets [none]
[debug] [2023-09-08T01:07:19.070Z] >>> [apiv2][body] POST https://firebaserules.googleapis.com/v1/projects/eportfolio-7d613/rulesets [omitted]
[debug] [2023-09-08T01:07:19.369Z] <<< [apiv2][status] POST https://firebaserules.googleapis.com/v1/projects/eportfolio-7d613/rulesets 200
[debug] [2023-09-08T01:07:19.369Z] <<< [apiv2][body] POST https://firebaserules.googleapis.com/v1/projects/eportfolio-7d613/rulesets {"name":"projects/eportfolio-7d613/rulesets/3e1ff7be-d030-4d9f-b77d-ea7b07414368","source":{"files":[{"content":"rules_version = '2';\n\n// Craft rules based on data in your Firestore database\n// allow write: if firestore.get(\n//    /databases/(default)/documents/users/$(request.auth.uid)).data.isAdmin;\nservice firebase.storage {\n  match /b/{bucket}/o {\n    match /{allPaths=**} {\n      allow read, write: if false;\n    }\n  }\n}\n","name":"storage.rules"}]},"createTime":"2023-09-08T01:07:19.426079Z","metadata":{"services":["firebase.storage"]}}
[debug] [2023-09-08T01:07:19.370Z] [rules] created ruleset projects/eportfolio-7d613/rulesets/3e1ff7be-d030-4d9f-b77d-ea7b07414368
[debug] [2023-09-08T01:07:19.371Z] [functions] found 1 new HTTP functions, testing setIamPolicy permission...
[debug] [2023-09-08T01:07:19.371Z] >>> [apiv2][query] POST https://cloudresourcemanager.googleapis.com/v1/projects/eportfolio-7d613:testIamPermissions [none]
[debug] [2023-09-08T01:07:19.371Z] >>> [apiv2][(partial)header] POST https://cloudresourcemanager.googleapis.com/v1/projects/eportfolio-7d613:testIamPermissions x-goog-quota-user=projects/eportfolio-7d613
[debug] [2023-09-08T01:07:19.371Z] >>> [apiv2][body] POST https://cloudresourcemanager.googleapis.com/v1/projects/eportfolio-7d613:testIamPermissions {"permissions":["cloudfunctions.functions.setIamPolicy"]}
[debug] [2023-09-08T01:07:19.584Z] <<< [apiv2][status] POST https://cloudresourcemanager.googleapis.com/v1/projects/eportfolio-7d613:testIamPermissions 200
[debug] [2023-09-08T01:07:19.584Z] <<< [apiv2][body] POST https://cloudresourcemanager.googleapis.com/v1/projects/eportfolio-7d613:testIamPermissions {"permissions":["cloudfunctions.functions.setIamPolicy"]}
[debug] [2023-09-08T01:07:19.584Z] [functions] found setIamPolicy permission, proceeding with deploy
[debug] [2023-09-08T01:07:19.586Z] >>> [apiv2][query] POST https://cloudfunctions.googleapis.com/v2/projects/eportfolio-7d613/locations/us-central1/functions:generateUploadUrl [none]
[debug] [2023-09-08T01:07:22.361Z] <<< [apiv2][status] POST https://cloudfunctions.googleapis.com/v2/projects/eportfolio-7d613/locations/us-central1/functions:generateUploadUrl 200
[debug] [2023-09-08T01:07:22.361Z] <<< [apiv2][body] POST https://cloudfunctions.googleapis.com/v2/projects/eportfolio-7d613/locations/us-central1/functions:generateUploadUrl {"uploadUrl":"https://storage.googleapis.com/gcf-v2-uploads-396312513637-us-central1/a35dee2b-f866-444b-aeba-ec0dddaa7125.zip?GoogleAccessId=service-396312513637@gcf-admin-robot.iam.gserviceaccount.com&Expires=1694137042&Signature=rGQtcA6hx%2FSUuuvr1ooiKE1hEm7AvP8vtIB0GYOuxXqzDFewgMXsV3SrjdTwe8nESpy8BV4bLwUs6kcomKYER6Sz8yYT0lfZ1TI7%2BYW4BtKDkPGZazAuZ7rieFmEoKHDg3QTOZQTM4A5f7HE6vYG8W74f5WdffQWFwPUGkwKx3DU4%2BH9des%2BtorDk6o%2F0HPjGbFOuJbeyi0pcprkNLPMU630AzpjhBfGGpWcgt3CfMwx8wDRACT1yYCV7usV%2F1fzF5XUi2PIguf7MI6vWriMKdIpMlYQC0B6w1RrMktEPRZ%2Fl33Grk13yEQnKLFymeNEkj620k5jdZLnmsCfzORoxg%3D%3D","storageSource":{"bucket":"gcf-v2-uploads-396312513637-us-central1","object":"a35dee2b-f866-444b-aeba-ec0dddaa7125.zip"}}
[debug] [2023-09-08T01:07:22.362Z] >>> [apiv2][query] PUT https://storage.googleapis.com/gcf-v2-uploads-396312513637-us-central1/a35dee2b-f866-444b-aeba-ec0dddaa7125.zip GoogleAccessId=service-396312513637%40gcf-admin-robot.iam.gserviceaccount.com&Expires=1694137042&Signature=rGQtcA6hx%2FSUuuvr1ooiKE1hEm7AvP8vtIB0GYOuxXqzDFewgMXsV3SrjdTwe8nESpy8BV4bLwUs6kcomKYER6Sz8yYT0lfZ1TI7%2BYW4BtKDkPGZazAuZ7rieFmEoKHDg3QTOZQTM4A5f7HE6vYG8W74f5WdffQWFwPUGkwKx3DU4%2BH9des%2BtorDk6o%2F0HPjGbFOuJbeyi0pcprkNLPMU630AzpjhBfGGpWcgt3CfMwx8wDRACT1yYCV7usV%2F1fzF5XUi2PIguf7MI6vWriMKdIpMlYQC0B6w1RrMktEPRZ%2Fl33Grk13yEQnKLFymeNEkj620k5jdZLnmsCfzORoxg%3D%3D
[debug] [2023-09-08T01:07:22.362Z] >>> [apiv2][body] PUT https://storage.googleapis.com/gcf-v2-uploads-396312513637-us-central1/a35dee2b-f866-444b-aeba-ec0dddaa7125.zip [stream]
[debug] [2023-09-08T01:07:22.855Z] <<< [apiv2][status] PUT https://storage.googleapis.com/gcf-v2-uploads-396312513637-us-central1/a35dee2b-f866-444b-aeba-ec0dddaa7125.zip 200
[debug] [2023-09-08T01:07:22.855Z] <<< [apiv2][body] PUT https://storage.googleapis.com/gcf-v2-uploads-396312513637-us-central1/a35dee2b-f866-444b-aeba-ec0dddaa7125.zip [omitted]
[info] ✔  functions: functions folder uploaded successfully 
[info] i  database: releasing rules... 
[debug] [2023-09-08T01:07:22.856Z] >>> [apiv2][query] GET https://firebasedatabase.googleapis.com/v1beta/projects/eportfolio-7d613/locations/-/instances/eportfolio-7d613-default-rtdb [none]
[debug] [2023-09-08T01:07:23.213Z] <<< [apiv2][status] GET https://firebasedatabase.googleapis.com/v1beta/projects/eportfolio-7d613/locations/-/instances/eportfolio-7d613-default-rtdb 200
[debug] [2023-09-08T01:07:23.213Z] <<< [apiv2][body] GET https://firebasedatabase.googleapis.com/v1beta/projects/eportfolio-7d613/locations/-/instances/eportfolio-7d613-default-rtdb {"name":"projects/396312513637/locations/us-central1/instances/eportfolio-7d613-default-rtdb","project":"projects/396312513637","databaseUrl":"https://eportfolio-7d613-default-rtdb.firebaseio.com","type":"DEFAULT_DATABASE","state":"ACTIVE"}
[debug] [2023-09-08T01:07:23.214Z] >>> [apiv2][query] PUT https://eportfolio-7d613-default-rtdb.firebaseio.com/.settings/rules.json 
[debug] [2023-09-08T01:07:23.214Z] >>> [apiv2][body] PUT https://eportfolio-7d613-default-rtdb.firebaseio.com/.settings/rules.json "{\n  \"rules\": {\n    \".read\": false,\n    \".write\": false\n  }\n}"
[debug] [2023-09-08T01:07:23.473Z] <<< [apiv2][status] PUT https://eportfolio-7d613-default-rtdb.firebaseio.com/.settings/rules.json 200
[debug] [2023-09-08T01:07:23.474Z] <<< [apiv2][body] PUT https://eportfolio-7d613-default-rtdb.firebaseio.com/.settings/rules.json {"status":"ok"}
[info] ✔  database: rules for database eportfolio-7d613-default-rtdb released successfully 
[debug] [2023-09-08T01:07:23.475Z] [rules] releasing firebase.storage/eportfolio-7d613.appspot.com with ruleset projects/eportfolio-7d613/rulesets/3e1ff7be-d030-4d9f-b77d-ea7b07414368
[debug] [2023-09-08T01:07:23.477Z] >>> [apiv2][query] PATCH https://firebaserules.googleapis.com/v1/projects/eportfolio-7d613/releases/firebase.storage/eportfolio-7d613.appspot.com [none]
[debug] [2023-09-08T01:07:23.477Z] >>> [apiv2][body] PATCH https://firebaserules.googleapis.com/v1/projects/eportfolio-7d613/releases/firebase.storage/eportfolio-7d613.appspot.com {"release":{"name":"projects/eportfolio-7d613/releases/firebase.storage/eportfolio-7d613.appspot.com","rulesetName":"projects/eportfolio-7d613/rulesets/3e1ff7be-d030-4d9f-b77d-ea7b07414368"}}
[debug] [2023-09-08T01:07:23.741Z] <<< [apiv2][status] PATCH https://firebaserules.googleapis.com/v1/projects/eportfolio-7d613/releases/firebase.storage/eportfolio-7d613.appspot.com 200
[debug] [2023-09-08T01:07:23.742Z] <<< [apiv2][body] PATCH https://firebaserules.googleapis.com/v1/projects/eportfolio-7d613/releases/firebase.storage/eportfolio-7d613.appspot.com {"name":"projects/eportfolio-7d613/releases/firebase.storage/eportfolio-7d613.appspot.com","rulesetName":"projects/eportfolio-7d613/rulesets/3e1ff7be-d030-4d9f-b77d-ea7b07414368","createTime":"2023-09-08T01:01:18.312935Z","updateTime":"2023-09-08T01:07:23.796082Z"}
[debug] [2023-09-08T01:07:23.742Z] [rules] updated release projects/eportfolio-7d613/releases/firebase.storage/eportfolio-7d613.appspot.com
[info] ✔  storage: released rules storage.rules to firebase.storage 
[info] i  functions: creating Node.js 18 (2nd Gen) function helloWorld(us-central1)... 
[debug] [2023-09-08T01:07:23.753Z] >>> [apiv2][query] POST https://cloudfunctions.googleapis.com/v2/projects/eportfolio-7d613/locations/us-central1/functions functionId=helloWorld
[debug] [2023-09-08T01:07:23.754Z] >>> [apiv2][body] POST https://cloudfunctions.googleapis.com/v2/projects/eportfolio-7d613/locations/us-central1/functions {"name":"projects/eportfolio-7d613/locations/us-central1/functions/helloWorld","buildConfig":{"runtime":"nodejs18","entryPoint":"helloWorld","source":{"storageSource":{"bucket":"gcf-v2-uploads-396312513637-us-central1","object":"a35dee2b-f866-444b-aeba-ec0dddaa7125.zip"}},"environmentVariables":{"GOOGLE_NODE_RUN_SCRIPTS":""}},"serviceConfig":{"environmentVariables":{"FIREBASE_CONFIG":"{\"projectId\":\"eportfolio-7d613\",\"databaseURL\":\"https://eportfolio-7d613-default-rtdb.firebaseio.com\",\"storageBucket\":\"eportfolio-7d613.appspot.com\",\"locationId\":\"us-central\"}","GCLOUD_PROJECT":"eportfolio-7d613","EVENTARC_CLOUD_EVENT_SOURCE":"projects/eportfolio-7d613/locations/us-central1/services/helloWorld"},"ingressSettings":null,"timeoutSeconds":null,"serviceAccountEmail":null,"availableMemory":"256Mi","minInstanceCount":null,"maxInstanceCount":null,"maxInstanceRequestConcurrency":80,"availableCpu":"1","vpcConnector":null,"vpcConnectorEgressSettings":null},"labels":{"deployment-tool":"cli-firebase","firebase-functions-hash":"d30b25574445536a52054d30e64b8420bf3dfb0e"}}
[debug] [2023-09-08T01:07:25.600Z] <<< [apiv2][status] POST https://cloudfunctions.googleapis.com/v2/projects/eportfolio-7d613/locations/us-central1/functions 200
[debug] [2023-09-08T01:07:25.600Z] <<< [apiv2][body] POST https://cloudfunctions.googleapis.com/v2/projects/eportfolio-7d613/locations/us-central1/functions {"name":"projects/eportfolio-7d613/locations/us-central1/operations/operation-1694135244084-604ce996cd59b-bd469140-bda7651c","metadata":{"@type":"type.googleapis.com/google.cloud.functions.v2.OperationMetadata","createTime":"2023-09-08T01:07:25.549923447Z","target":"projects/eportfolio-7d613/locations/us-central1/functions/helloWorld","verb":"create","cancelRequested":false,"apiVersion":"v2"},"done":false}
[debug] [2023-09-08T01:07:25.603Z] >>> [apiv2][query] GET https://cloudfunctions.googleapis.com/v2/projects/eportfolio-7d613/locations/us-central1/operations/operation-1694135244084-604ce996cd59b-bd469140-bda7651c [none]
[debug] [2023-09-08T01:07:25.876Z] <<< [apiv2][status] GET https://cloudfunctions.googleapis.com/v2/projects/eportfolio-7d613/locations/us-central1/operations/operation-1694135244084-604ce996cd59b-bd469140-bda7651c 200
[debug] [2023-09-08T01:07:25.877Z] <<< [apiv2][body] GET https://cloudfunctions.googleapis.com/v2/projects/eportfolio-7d613/locations/us-central1/operations/operation-1694135244084-604ce996cd59b-bd469140-bda7651c {"name":"projects/eportfolio-7d613/locations/us-central1/operations/operation-1694135244084-604ce996cd59b-bd469140-bda7651c","metadata":{"@type":"type.googleapis.com/google.cloud.functions.v2.OperationMetadata","createTime":"2023-09-08T01:07:25.549923447Z","target":"projects/eportfolio-7d613/locations/us-central1/functions/helloWorld","verb":"create","cancelRequested":false,"apiVersion":"v2","requestResource":{"@type":"type.googleapis.com/google.cloud.functions.v2.Function","name":"projects/eportfolio-7d613/locations/us-central1/functions/helloWorld","buildConfig":{"runtime":"nodejs18","entryPoint":"helloWorld","source":{"storageSource":{"bucket":"gcf-v2-sources-396312513637-us-central1","object":"helloWorld/function-source.zip","generation":"1694135245148632"}},"environmentVariables":{"GOOGLE_NODE_RUN_SCRIPTS":""}},"serviceConfig":{"service":"projects/eportfolio-7d613/locations/us-central1/services/helloworld","timeoutSeconds":60,"environmentVariables":{"FIREBASE_CONFIG":"{\"projectId\":\"eportfolio-7d613\",\"databaseURL\":\"https://eportfolio-7d613-default-rtdb.firebaseio.com\",\"storageBucket\":\"eportfolio-7d613.appspot.com\",\"locationId\":\"us-central\"}","GCLOUD_PROJECT":"eportfolio-7d613","EVENTARC_CLOUD_EVENT_SOURCE":"projects/eportfolio-7d613/locations/us-central1/services/helloWorld"},"maxInstanceCount":100,"ingressSettings":"ALLOW_ALL","serviceAccountEmail":"396312513637-compute@developer.gserviceaccount.com","availableMemory":"256Mi","maxInstanceRequestConcurrency":80,"availableCpu":"1"},"labels":{"deployment-tool":"cli-firebase","firebase-functions-hash":"d30b25574445536a52054d30e64b8420bf3dfb0e"},"environment":"GEN_2"},"stages":[{"name":"BUILD","state":"NOT_STARTED"},{"name":"SERVICE","state":"NOT_STARTED"}]},"done":false}
[debug] [2023-09-08T01:07:26.379Z] [create-default-us-central1-helloWorld] Retrying task index 0
[debug] [2023-09-08T01:07:26.380Z] >>> [apiv2][query] GET https://cloudfunctions.googleapis.com/v2/projects/eportfolio-7d613/locations/us-central1/operations/operation-1694135244084-604ce996cd59b-bd469140-bda7651c [none]
[debug] [2023-09-08T01:07:26.691Z] <<< [apiv2][status] GET https://cloudfunctions.googleapis.com/v2/projects/eportfolio-7d613/locations/us-central1/operations/operation-1694135244084-604ce996cd59b-bd469140-bda7651c 200
[debug] [2023-09-08T01:07:26.691Z] <<< [apiv2][body] GET https://cloudfunctions.googleapis.com/v2/projects/eportfolio-7d613/locations/us-central1/operations/operation-1694135244084-604ce996cd59b-bd469140-bda7651c {"name":"projects/eportfolio-7d613/locations/us-central1/operations/operation-1694135244084-604ce996cd59b-bd469140-bda7651c","metadata":{"@type":"type.googleapis.com/google.cloud.functions.v2.OperationMetadata","createTime":"2023-09-08T01:07:25.549923447Z","target":"projects/eportfolio-7d613/locations/us-central1/functions/helloWorld","verb":"create","cancelRequested":false,"apiVersion":"v2","requestResource":{"@type":"type.googleapis.com/google.cloud.functions.v2.Function","name":"projects/eportfolio-7d613/locations/us-central1/functions/helloWorld","buildConfig":{"runtime":"nodejs18","entryPoint":"helloWorld","source":{"storageSource":{"bucket":"gcf-v2-sources-396312513637-us-central1","object":"helloWorld/function-source.zip","generation":"1694135245148632"}},"environmentVariables":{"GOOGLE_NODE_RUN_SCRIPTS":""}},"serviceConfig":{"service":"projects/eportfolio-7d613/locations/us-central1/services/helloworld","timeoutSeconds":60,"environmentVariables":{"FIREBASE_CONFIG":"{\"projectId\":\"eportfolio-7d613\",\"databaseURL\":\"https://eportfolio-7d613-default-rtdb.firebaseio.com\",\"storageBucket\":\"eportfolio-7d613.appspot.com\",\"locationId\":\"us-central\"}","GCLOUD_PROJECT":"eportfolio-7d613","EVENTARC_CLOUD_EVENT_SOURCE":"projects/eportfolio-7d613/locations/us-central1/services/helloWorld"},"maxInstanceCount":100,"ingressSettings":"ALLOW_ALL","serviceAccountEmail":"396312513637-compute@developer.gserviceaccount.com","availableMemory":"256Mi","maxInstanceRequestConcurrency":80,"availableCpu":"1"},"labels":{"deployment-tool":"cli-firebase","firebase-functions-hash":"d30b25574445536a52054d30e64b8420bf3dfb0e"},"environment":"GEN_2"},"stages":[{"name":"BUILD","state":"NOT_STARTED"},{"name":"SERVICE","state":"NOT_STARTED"}]},"done":false}
[debug] [2023-09-08T01:07:27.692Z] [create-default-us-central1-helloWorld] Retrying task index 0
[debug] [2023-09-08T01:07:27.693Z] >>> [apiv2][query] GET https://cloudfunctions.googleapis.com/v2/projects/eportfolio-7d613/locations/us-central1/operations/operation-1694135244084-604ce996cd59b-bd469140-bda7651c [none]
[debug] [2023-09-08T01:07:27.941Z] <<< [apiv2][status] GET https://cloudfunctions.googleapis.com/v2/projects/eportfolio-7d613/locations/us-central1/operations/operation-1694135244084-604ce996cd59b-bd469140-bda7651c 200
[debug] [2023-09-08T01:07:27.942Z] <<< [apiv2][body] GET https://cloudfunctions.googleapis.com/v2/projects/eportfolio-7d613/locations/us-central1/operations/operation-1694135244084-604ce996cd59b-bd469140-bda7651c {"name":"projects/eportfolio-7d613/locations/us-central1/operations/operation-1694135244084-604ce996cd59b-bd469140-bda7651c","metadata":{"@type":"type.googleapis.com/google.cloud.functions.v2.OperationMetadata","createTime":"2023-09-08T01:07:25.549923447Z","endTime":"2023-09-08T01:07:27.479819666Z","target":"projects/eportfolio-7d613/locations/us-central1/functions/helloWorld","verb":"create","cancelRequested":false,"apiVersion":"v2","requestResource":{"@type":"type.googleapis.com/google.cloud.functions.v2.Function","name":"projects/eportfolio-7d613/locations/us-central1/functions/helloWorld","buildConfig":{"runtime":"nodejs18","entryPoint":"helloWorld","source":{"storageSource":{"bucket":"gcf-v2-sources-396312513637-us-central1","object":"helloWorld/function-source.zip","generation":"1694135245148632"}},"environmentVariables":{"GOOGLE_NODE_RUN_SCRIPTS":""}},"serviceConfig":{"service":"projects/eportfolio-7d613/locations/us-central1/services/helloworld","timeoutSeconds":60,"environmentVariables":{"FIREBASE_CONFIG":"{\"projectId\":\"eportfolio-7d613\",\"databaseURL\":\"https://eportfolio-7d613-default-rtdb.firebaseio.com\",\"storageBucket\":\"eportfolio-7d613.appspot.com\",\"locationId\":\"us-central\"}","GCLOUD_PROJECT":"eportfolio-7d613","EVENTARC_CLOUD_EVENT_SOURCE":"projects/eportfolio-7d613/locations/us-central1/services/helloWorld"},"maxInstanceCount":100,"ingressSettings":"ALLOW_ALL","serviceAccountEmail":"396312513637-compute@developer.gserviceaccount.com","availableMemory":"256Mi","maxInstanceRequestConcurrency":80,"availableCpu":"1"},"labels":{"deployment-tool":"cli-firebase","firebase-functions-hash":"d30b25574445536a52054d30e64b8420bf3dfb0e"},"environment":"GEN_2"},"stages":[{"name":"ARTIFACT_REGISTRY","state":"NOT_STARTED"},{"name":"SERVICE","message":"Deleting Cloud Run service","state":"COMPLETE","resource":"projects/eportfolio-7d613/locations/us-central1/services/helloworld"}]},"done":true,"error":{"code":7,"message":"Unable to retrieve the repository metadata for projects/eportfolio-7d613/locations/us-central1/repositories/gcf-artifacts. Ensure that the Cloud Functions service account has 'artifactregistry.repositories.list' and 'artifactregistry.repositories.get' permissions. You can add the permissions by granting the role 'roles/artifactregistry.reader'.","details":[{"@type":"type.googleapis.com/google.rpc.Status","code":7,"message":"Unable to cleanup package projects/eportfolio-7d613/locations/us-central1/repositories/gcf-artifacts/packages/hello_world. Ensure that the Cloud Functions service account has 'artifactregistry.packages.delete' permission. You can add the permission by granting the role 'roles/artifactregistry.repoAdmin'."}]}}
[error] Unable to retrieve the repository metadata for projects/eportfolio-7d613/locations/us-central1/repositories/gcf-artifacts. Ensure that the Cloud Functions service account has 'artifactregistry.repositories.list' and 'artifactregistry.repositories.get' permissions. You can add the permissions by granting the role 'roles/artifactregistry.reader'.
[debug] [2023-09-08T01:07:27.947Z] Total Function Deployment time: 4198
[debug] [2023-09-08T01:07:27.948Z] 1 Functions Deployed
[debug] [2023-09-08T01:07:27.948Z] 1 Functions Errored
[debug] [2023-09-08T01:07:27.948Z] 0 Function Deployments Aborted
[debug] [2023-09-08T01:07:27.948Z] Average Function Deployment time: 4196
[info] 
[info] Functions deploy had errors with the following functions:
	helloWorld(us-central1)
[debug] [2023-09-08T01:07:27.950Z] Not printing URL for HTTPS function. Typically this means it didn't match a filter or we failed deployment
[info] i  functions: cleaning up build files... 
[debug] [2023-09-08T01:07:27.954Z] >>> [apiv2][query] DELETE https://artifactregistry.googleapis.com/v1beta2/projects/eportfolio-7d613/locations/us-central1/repositories/gcf-artifacts/packages/hello_world [none]
[debug] [2023-09-08T01:07:27.959Z] >>> [apiv2][query] GET https://us.gcr.io/v2/eportfolio-7d613/gcf/us-central1/tags/list [none]
[debug] [2023-09-08T01:07:28.252Z] <<< [apiv2][status] DELETE https://artifactregistry.googleapis.com/v1beta2/projects/eportfolio-7d613/locations/us-central1/repositories/gcf-artifacts/packages/hello_world 404
[debug] [2023-09-08T01:07:28.252Z] <<< [apiv2][body] DELETE https://artifactregistry.googleapis.com/v1beta2/projects/eportfolio-7d613/locations/us-central1/repositories/gcf-artifacts/packages/hello_world {"error":{"code":404,"message":"Package \"projects/eportfolio-7d613/locations/us-central1/repositories/gcf-artifacts/packages/hello_world\" was not found.","status":"NOT_FOUND"}}
[debug] [2023-09-08T01:07:28.736Z] <<< [apiv2][status] GET https://us.gcr.io/v2/eportfolio-7d613/gcf/us-central1/tags/list 200
[debug] [2023-09-08T01:07:28.737Z] <<< [apiv2][body] GET https://us.gcr.io/v2/eportfolio-7d613/gcf/us-central1/tags/list {"child":[],"manifest":{},"name":"eportfolio-7d613/gcf/us-central1","tags":[]}
[debug] [2023-09-08T01:07:28.737Z] Could not find image for function projects/eportfolio-7d613/locations/us-central1/functions/helloWorld
[debug] [2023-09-08T01:07:28.737Z] Functions deploy failed.
[debug] [2023-09-08T01:07:28.738Z] {
  "endpoint": {
    "id": "helloWorld",
    "project": "eportfolio-7d613",
    "region": "us-central1",
    "entryPoint": "helloWorld",
    "platform": "gcfv2",
    "runtime": "nodejs18",
    "httpsTrigger": {},
    "labels": {
      "deployment-tool": "cli-firebase"
    },
    "serviceAccount": null,
    "ingressSettings": null,
    "availableMemoryMb": null,
    "timeoutSeconds": null,
    "maxInstances": null,
    "minInstances": null,
    "concurrency": 80,
    "vpc": null,
    "environmentVariables": {
      "FIREBASE_CONFIG": "{\"projectId\":\"eportfolio-7d613\",\"databaseURL\":\"https://eportfolio-7d613-default-rtdb.firebaseio.com\",\"storageBucket\":\"eportfolio-7d613.appspot.com\",\"locationId\":\"us-central\"}",
      "GCLOUD_PROJECT": "eportfolio-7d613",
      "EVENTARC_CLOUD_EVENT_SOURCE": "projects/eportfolio-7d613/locations/us-central1/services/helloWorld"
    },
    "codebase": "default",
    "cpu": 1,
    "targetedByOnly": false,
    "hash": "d30b25574445536a52054d30e64b8420bf3dfb0e"
  },
  "op": "create",
  "original": {
    "name": "FirebaseError",
    "children": [],
    "exit": 1,
    "message": "Unable to retrieve the repository metadata for projects/eportfolio-7d613/locations/us-central1/repositories/gcf-artifacts. Ensure that the Cloud Functions service account has 'artifactregistry.repositories.list' and 'artifactregistry.repositories.get' permissions. You can add the permissions by granting the role 'roles/artifactregistry.reader'.",
    "status": 7,
    "code": 7
  }
}
[debug] [2023-09-08T01:07:28.739Z] Error: Failed to create function helloWorld in region us-central1
    at /usr/local/lib/node_modules/firebase-tools/lib/deploy/functions/release/fabricator.js:288:27
    at processTicksAndRejections (node:internal/process/task_queues:96:5)
    at async Fabricator.createV2Function (/usr/local/lib/node_modules/firebase-tools/lib/deploy/functions/release/fabricator.js:276:30)
    at async Fabricator.createEndpoint (/usr/local/lib/node_modules/firebase-tools/lib/deploy/functions/release/fabricator.js:135:13)
    at async handle (/usr/local/lib/node_modules/firebase-tools/lib/deploy/functions/release/fabricator.js:88:17)
[error] 
[error] Error: There was an error deploying functions
